<?xml version="1.0" encoding="UTF-8"?>
<!-- Generated by org.testng.reporters.JUnitXMLReporter -->
<testsuite hostname="akawalkar-lap-0269" ignored="0" tests="7" failures="0" timestamp="21 Dec 2021 10:01:22 GMT" time="25.484" errors="0">
  <testcase name="main" time="8.894" classname="seleniumtest"/>
  <testcase name="m1" time="0.001" classname="Test1"/>
  <testcase name="m2" time="0.001" classname="Test1"/>
  <testcase name="m3" time="0.001" classname="Test1"/>
  <testcase name="main" time="0.001" classname="TestNgtest"/>
  <testcase name="login1" time="7.913" classname="login"/>
  <testcase name="logout1" time="8.621" classname="logout"/>
</testsuite>
