<?xml version="1.0" encoding="UTF-8"?>
<testng-results skipped="0" failed="0" ignored="0" total="1" passed="1">
  <reporter-output>
  </reporter-output>
  <suite name="Default suite" duration-ms="7859" started-at="2021-12-21T09:54:04Z" finished-at="2021-12-21T09:54:12Z">
    <groups>
    </groups>
    <test name="Default test" duration-ms="7859" started-at="2021-12-21T09:54:04Z" finished-at="2021-12-21T09:54:12Z">
      <class name="CheckURL">
        <test-method status="PASS" signature="url()[pri:0, instance:CheckURL@4cc0edeb]" name="url" duration-ms="7822" started-at="2021-12-21T09:54:04Z" finished-at="2021-12-21T09:54:12Z">
          <reporter-output>
          </reporter-output>
        </test-method> <!-- url -->
      </class> <!-- CheckURL -->
    </test> <!-- Default test -->
  </suite> <!-- Default suite -->
</testng-results>
